c:\users\mattbook pro\desktop\basegameengine\basegameengine\debug\vc140.pdb
c:\users\mattbook pro\desktop\basegameengine\basegameengine\debug\vc140.idb
c:\users\mattbook pro\desktop\basegameengine\basegameengine\debug\errors.obj
c:\users\mattbook pro\desktop\basegameengine\basegameengine\debug\glslprogram.obj
c:\users\mattbook pro\desktop\basegameengine\basegameengine\debug\main.obj
c:\users\mattbook pro\desktop\basegameengine\basegameengine\debug\maingame.obj
c:\users\mattbook pro\desktop\basegameengine\basegameengine\debug\sprite.obj
c:\users\mattbook pro\desktop\basegameengine\debug\basegameengine.ilk
c:\users\mattbook pro\desktop\basegameengine\debug\basegameengine.exe
c:\users\mattbook pro\desktop\basegameengine\debug\basegameengine.pdb
c:\users\mattbook pro\desktop\basegameengine\basegameengine\debug\basegameengine.res
c:\users\mattbook pro\desktop\basegameengine\basegameengine\debug\basegameengine.tlog\cl.command.1.tlog
c:\users\mattbook pro\desktop\basegameengine\basegameengine\debug\basegameengine.tlog\cl.read.1.tlog
c:\users\mattbook pro\desktop\basegameengine\basegameengine\debug\basegameengine.tlog\cl.write.1.tlog
c:\users\mattbook pro\desktop\basegameengine\basegameengine\debug\basegameengine.tlog\link.command.1.tlog
c:\users\mattbook pro\desktop\basegameengine\basegameengine\debug\basegameengine.tlog\link.read.1.tlog
c:\users\mattbook pro\desktop\basegameengine\basegameengine\debug\basegameengine.tlog\link.write.1.tlog
c:\users\mattbook pro\desktop\basegameengine\basegameengine\debug\basegameengine.tlog\rc.command.1.tlog
c:\users\mattbook pro\desktop\basegameengine\basegameengine\debug\basegameengine.tlog\rc.read.1.tlog
c:\users\mattbook pro\desktop\basegameengine\basegameengine\debug\basegameengine.tlog\rc.write.1.tlog
